<?xml version="1.0" encoding="UTF-8"?>
<!-- Generated by org.testng.reporters.JUnitReportReporter -->
<testsuite hostname="DESKTOP-58HEPQB" failures="0" tests="1" name="Baseclass.Basetest" time="5.750" errors="0" timestamp="2024-03-26T17:53:28 IST" skipped="0">
  <testcase classname="Baseclass.Basetest" name="ogin" time="5.750"/>
</testsuite> <!-- Baseclass.Basetest -->
