<?xml version="1.0" encoding="UTF-8"?>
<!-- Generated by org.testng.reporters.JUnitReportReporter -->
<testsuite hostname="DESKTOP-58HEPQB" failures="0" tests="6" name="Testcases.Login_01" time="29.279" errors="0" timestamp="2024-04-02T18:21:51 IST" skipped="0">
  <testcase classname="Testcases.Login_01" name="TC_Downloadreport_throughgmail" time="5.781"/>
  <testcase classname="Testcases.Login_01" name="login2" time="2.914"/>
  <testcase classname="Testcases.Login_01" name="TC_Getstarted" time="4.185"/>
  <testcase classname="Testcases.Login_01" name="Resources" time="2.279"/>
  <testcase classname="Testcases.Login_01" name="Download_Reort" time="8.374"/>
  <testcase classname="Testcases.Login_01" name="Download_Report_Validationmsg" time="5.746"/>
</testsuite> <!-- Testcases.Login_01 -->
